{
  "RSpec": {
    "coverage": {
      "/Users/brookewoolley/Projects/tech-tests/bank-tech-test/spec/feature/bank_statement_spec.rb": [
        null,
        null,
        null,
        null,
        null,
        null,
        null,
        null,
        null,
        null,
        null,
        null,
        null,
        null,
        null
      ],
      "/Users/brookewoolley/Projects/tech-tests/bank-tech-test/spec/unit/bank_statement_spec.rb": [
        1,
        null,
        1,
        1,
        1,
        1,
        1,
        null,
        null,
        null
      ],
      "/Users/brookewoolley/Projects/tech-tests/bank-tech-test/lib/bank_statement.rb": [
        1,
        null,
        1,
        null,
        1,
        1,
        null,
        null
      ]
    },
    "timestamp": 1552307969
  }
}
